<?xml version="1.0" encoding="UTF-8"?>
<robot generator="Robot 4.1.3 (Python 3.10.2 on win32)" generated="20220122 16:47:00.015" rpa="false" schemaversion="2">
<suite id="s1" name="Test" source="c:\qaninja\robot\test.robot">
<test id="s1-t1" name="Deve retonar mensagem de boas vindas">
<kw name="Welcome" library="app">
<var>${result}</var>
<arg>Karol</arg>
<msg timestamp="20220122 16:47:00.077" level="INFO">${result} = Ola Karol, bem vindo ao curso básico de Robot Framework!</msg>
<status status="PASS" starttime="20220122 16:47:00.076" endtime="20220122 16:47:00.077"/>
</kw>
<kw name="Should Be Equal" library="BuiltIn">
<arg>${result}</arg>
<arg>Ola Karol, bem vindo ao curso básico de Robot Framework!</arg>
<doc>Fails if the given objects are unequal.</doc>
<status status="PASS" starttime="20220122 16:47:00.077" endtime="20220122 16:47:00.078"/>
</kw>
<status status="PASS" starttime="20220122 16:47:00.076" endtime="20220122 16:47:00.079"/>
</test>
<status status="PASS" starttime="20220122 16:47:00.019" endtime="20220122 16:47:00.081"/>
</suite>
<statistics>
<total>
<stat pass="1" fail="0" skip="0">All Tests</stat>
</total>
<tag>
</tag>
<suite>
<stat pass="1" fail="0" skip="0" id="s1" name="Test">Test</stat>
</suite>
</statistics>
<errors>
</errors>
</robot>
