<?xml version="1.0" encoding="UTF-8"?>
<robot generator="Robot 4.1.3 (Python 3.10.2 on win32)" generated="20220122 21:13:26.710" rpa="false" schemaversion="2">
<suite id="s1" name="Checkbox" source="c:\qaninja\robot\web\checkbox.robot">
<test id="s1-t1" name="Marcando opção com id">
<kw name="Nova Sessão" library="base" type="SETUP">
<kw name="Open Browser" library="SeleniumLibrary">
<arg>${url}</arg>
<arg>chrome</arg>
<doc>Opens a new browser instance to the optional ``url``.</doc>
<msg timestamp="20220122 21:13:27.061" level="INFO">Opening browser 'chrome' to base url 'https://training-wheels-protocol.herokuapp.com'.</msg>
<status status="PASS" starttime="20220122 21:13:27.061" endtime="20220122 21:13:36.535"/>
</kw>
<status status="PASS" starttime="20220122 21:13:27.060" endtime="20220122 21:13:36.535"/>
</kw>
<kw name="Go To" library="SeleniumLibrary">
<arg>${url}/checkboxes</arg>
<doc>Navigates the current browser window to the provided ``url``.</doc>
<msg timestamp="20220122 21:13:36.537" level="INFO">Opening url 'https://training-wheels-protocol.herokuapp.com/checkboxes'</msg>
<status status="PASS" starttime="20220122 21:13:36.537" endtime="20220122 21:13:36.766"/>
</kw>
<kw name="Select Checkbox" library="SeleniumLibrary">
<arg>${check_thor}</arg>
<doc>Selects the checkbox identified by ``locator``.</doc>
<msg timestamp="20220122 21:13:36.767" level="INFO">Selecting checkbox 'id:thor'.</msg>
<status status="PASS" starttime="20220122 21:13:36.767" endtime="20220122 21:13:36.859"/>
</kw>
<kw name="Checkbox Should Be Selected" library="SeleniumLibrary">
<arg>${check_thor}</arg>
<doc>Verifies checkbox ``locator`` is selected/checked.</doc>
<msg timestamp="20220122 21:13:36.860" level="INFO">Verifying checkbox 'id:thor' is selected.</msg>
<status status="PASS" starttime="20220122 21:13:36.859" endtime="20220122 21:13:36.890"/>
</kw>
<kw name="Encerra Sessão" library="base" type="TEARDOWN">
<kw name="Capture Page Screenshot" library="SeleniumLibrary">
<doc>Takes a screenshot of the current page and embeds it into a log file.</doc>
<msg timestamp="20220122 21:13:37.133" level="INFO" html="true">&lt;/td&gt;&lt;/tr&gt;&lt;tr&gt;&lt;td colspan="3"&gt;&lt;a href="selenium-screenshot-1.png"&gt;&lt;img src="selenium-screenshot-1.png" width="800px"&gt;&lt;/a&gt;</msg>
<status status="PASS" starttime="20220122 21:13:36.891" endtime="20220122 21:13:37.133"/>
</kw>
<kw name="Close Browser" library="SeleniumLibrary">
<doc>Closes the current browser.</doc>
<status status="PASS" starttime="20220122 21:13:37.133" endtime="20220122 21:13:39.478"/>
</kw>
<status status="PASS" starttime="20220122 21:13:36.890" endtime="20220122 21:13:39.479"/>
</kw>
<status status="PASS" starttime="20220122 21:13:27.059" endtime="20220122 21:13:39.480"/>
</test>
<test id="s1-t2" name="Marcando opção com CSS Selector">
<kw name="Nova Sessão" library="base" type="SETUP">
<kw name="Open Browser" library="SeleniumLibrary">
<arg>${url}</arg>
<arg>chrome</arg>
<doc>Opens a new browser instance to the optional ``url``.</doc>
<msg timestamp="20220122 21:13:39.486" level="INFO">Opening browser 'chrome' to base url 'https://training-wheels-protocol.herokuapp.com'.</msg>
<status status="PASS" starttime="20220122 21:13:39.486" endtime="20220122 21:13:46.243"/>
</kw>
<status status="PASS" starttime="20220122 21:13:39.485" endtime="20220122 21:13:46.243"/>
</kw>
<kw name="Go To" library="SeleniumLibrary">
<arg>${url}/checkboxes</arg>
<doc>Navigates the current browser window to the provided ``url``.</doc>
<msg timestamp="20220122 21:13:46.245" level="INFO">Opening url 'https://training-wheels-protocol.herokuapp.com/checkboxes'</msg>
<status status="PASS" starttime="20220122 21:13:46.244" endtime="20220122 21:13:46.486"/>
</kw>
<kw name="Select Checkbox" library="SeleniumLibrary">
<arg>${check_iron}</arg>
<doc>Selects the checkbox identified by ``locator``.</doc>
<msg timestamp="20220122 21:13:46.487" level="INFO">Selecting checkbox 'css:input[value='iron-man']'.</msg>
<status status="PASS" starttime="20220122 21:13:46.486" endtime="20220122 21:13:46.660"/>
</kw>
<kw name="Checkbox Should Be Selected" library="SeleniumLibrary">
<arg>${check_iron}</arg>
<doc>Verifies checkbox ``locator`` is selected/checked.</doc>
<msg timestamp="20220122 21:13:46.661" level="INFO">Verifying checkbox 'css:input[value='iron-man']' is selected.</msg>
<status status="PASS" starttime="20220122 21:13:46.661" endtime="20220122 21:13:46.695"/>
</kw>
<kw name="Encerra Sessão" library="base" type="TEARDOWN">
<kw name="Capture Page Screenshot" library="SeleniumLibrary">
<doc>Takes a screenshot of the current page and embeds it into a log file.</doc>
<msg timestamp="20220122 21:13:46.849" level="INFO" html="true">&lt;/td&gt;&lt;/tr&gt;&lt;tr&gt;&lt;td colspan="3"&gt;&lt;a href="selenium-screenshot-2.png"&gt;&lt;img src="selenium-screenshot-2.png" width="800px"&gt;&lt;/a&gt;</msg>
<status status="PASS" starttime="20220122 21:13:46.697" endtime="20220122 21:13:46.849"/>
</kw>
<kw name="Close Browser" library="SeleniumLibrary">
<doc>Closes the current browser.</doc>
<status status="PASS" starttime="20220122 21:13:46.850" endtime="20220122 21:13:49.012"/>
</kw>
<status status="PASS" starttime="20220122 21:13:46.696" endtime="20220122 21:13:49.013"/>
</kw>
<status status="PASS" starttime="20220122 21:13:39.484" endtime="20220122 21:13:49.014"/>
</test>
<test id="s1-t3" name="Marcando opção com xPath">
<kw name="Nova Sessão" library="base" type="SETUP">
<kw name="Open Browser" library="SeleniumLibrary">
<arg>${url}</arg>
<arg>chrome</arg>
<doc>Opens a new browser instance to the optional ``url``.</doc>
<msg timestamp="20220122 21:13:49.021" level="INFO">Opening browser 'chrome' to base url 'https://training-wheels-protocol.herokuapp.com'.</msg>
<status status="PASS" starttime="20220122 21:13:49.020" endtime="20220122 21:13:52.518"/>
</kw>
<status status="PASS" starttime="20220122 21:13:49.019" endtime="20220122 21:13:52.519"/>
</kw>
<kw name="Go To" library="SeleniumLibrary">
<arg>${url}/checkboxes</arg>
<doc>Navigates the current browser window to the provided ``url``.</doc>
<msg timestamp="20220122 21:13:52.521" level="INFO">Opening url 'https://training-wheels-protocol.herokuapp.com/checkboxes'</msg>
<status status="PASS" starttime="20220122 21:13:52.520" endtime="20220122 21:13:52.752"/>
</kw>
<kw name="Select Checkbox" library="SeleniumLibrary">
<arg>${check_panther}</arg>
<doc>Selects the checkbox identified by ``locator``.</doc>
<msg timestamp="20220122 21:13:52.753" level="INFO">Selecting checkbox 'xPath://*[@id='checkboxes']/input[7]'.</msg>
<status status="PASS" starttime="20220122 21:13:52.752" endtime="20220122 21:13:52.920"/>
</kw>
<kw name="Checkbox Should Be Selected" library="SeleniumLibrary">
<arg>${check_panther}</arg>
<doc>Verifies checkbox ``locator`` is selected/checked.</doc>
<msg timestamp="20220122 21:13:52.921" level="INFO">Verifying checkbox 'xPath://*[@id='checkboxes']/input[7]' is selected.</msg>
<status status="PASS" starttime="20220122 21:13:52.921" endtime="20220122 21:13:52.955"/>
</kw>
<kw name="Encerra Sessão" library="base" type="TEARDOWN">
<kw name="Capture Page Screenshot" library="SeleniumLibrary">
<doc>Takes a screenshot of the current page and embeds it into a log file.</doc>
<msg timestamp="20220122 21:13:53.123" level="INFO" html="true">&lt;/td&gt;&lt;/tr&gt;&lt;tr&gt;&lt;td colspan="3"&gt;&lt;a href="selenium-screenshot-3.png"&gt;&lt;img src="selenium-screenshot-3.png" width="800px"&gt;&lt;/a&gt;</msg>
<status status="PASS" starttime="20220122 21:13:52.956" endtime="20220122 21:13:53.124"/>
</kw>
<kw name="Close Browser" library="SeleniumLibrary">
<doc>Closes the current browser.</doc>
<status status="PASS" starttime="20220122 21:13:53.124" endtime="20220122 21:13:55.273"/>
</kw>
<status status="PASS" starttime="20220122 21:13:52.955" endtime="20220122 21:13:55.274"/>
</kw>
<tag>blackpanter</tag>
<status status="PASS" starttime="20220122 21:13:49.018" endtime="20220122 21:13:55.274"/>
</test>
<status status="PASS" starttime="20220122 21:13:26.712" endtime="20220122 21:13:55.279"/>
</suite>
<statistics>
<total>
<stat pass="3" fail="0" skip="0">All Tests</stat>
</total>
<tag>
<stat pass="1" fail="0" skip="0">blackpanter</stat>
</tag>
<suite>
<stat pass="3" fail="0" skip="0" id="s1" name="Checkbox">Checkbox</stat>
</suite>
</statistics>
<errors>
</errors>
</robot>
