<?xml version="1.0" encoding="UTF-8"?>
<robot generator="Robot 4.1.3 (Python 3.10.2 on win32)" generated="20220122 20:31:28.296" rpa="false" schemaversion="2">
<suite id="s1" name="Checkbox" source="c:\qaninja\robot\web\checkbox.robot">
<test id="s1-t1" name="Marcando opção com id">
<kw name="Nova Sessão" library="base" type="SETUP">
<kw name="Open Browser" library="SeleniumLibrary">
<arg>${url}</arg>
<arg>chrome</arg>
<doc>Opens a new browser instance to the optional ``url``.</doc>
<msg timestamp="20220122 20:31:28.646" level="INFO">Opening browser 'chrome' to base url 'https://training-wheels-protocol.herokuapp.com'.</msg>
<status status="PASS" starttime="20220122 20:31:28.645" endtime="20220122 20:31:33.076"/>
</kw>
<status status="PASS" starttime="20220122 20:31:28.645" endtime="20220122 20:31:33.076"/>
</kw>
<kw name="Go To" library="SeleniumLibrary">
<arg>${url}/checkboxes</arg>
<doc>Navigates the current browser window to the provided ``url``.</doc>
<msg timestamp="20220122 20:31:33.078" level="INFO">Opening url 'https://training-wheels-protocol.herokuapp.com/checkboxes'</msg>
<status status="PASS" starttime="20220122 20:31:33.078" endtime="20220122 20:31:33.332"/>
</kw>
<kw name="Select Checkbox" library="SeleniumLibrary">
<arg>${check_thor}</arg>
<doc>Selects the checkbox identified by ``locator``.</doc>
<msg timestamp="20220122 20:31:33.333" level="INFO">Selecting checkbox 'id:thor'.</msg>
<status status="PASS" starttime="20220122 20:31:33.333" endtime="20220122 20:31:33.505"/>
</kw>
<kw name="Checkbox Should Be Selected" library="SeleniumLibrary">
<arg>${check_thor}</arg>
<doc>Verifies checkbox ``locator`` is selected/checked.</doc>
<msg timestamp="20220122 20:31:33.507" level="INFO">Verifying checkbox 'id:thor' is selected.</msg>
<status status="PASS" starttime="20220122 20:31:33.507" endtime="20220122 20:31:33.541"/>
</kw>
<kw name="Encerra Sessão" library="base" type="TEARDOWN">
<kw name="Close Browser" library="SeleniumLibrary">
<doc>Closes the current browser.</doc>
<status status="PASS" starttime="20220122 20:31:33.542" endtime="20220122 20:31:35.690"/>
</kw>
<status status="PASS" starttime="20220122 20:31:33.542" endtime="20220122 20:31:35.691"/>
</kw>
<status status="PASS" starttime="20220122 20:31:28.644" endtime="20220122 20:31:35.692"/>
</test>
<test id="s1-t2" name="Marcando opção com CSS Selector">
<kw name="Nova Sessão" library="base" type="SETUP">
<kw name="Open Browser" library="SeleniumLibrary">
<arg>${url}</arg>
<arg>chrome</arg>
<doc>Opens a new browser instance to the optional ``url``.</doc>
<msg timestamp="20220122 20:31:35.698" level="INFO">Opening browser 'chrome' to base url 'https://training-wheels-protocol.herokuapp.com'.</msg>
<status status="PASS" starttime="20220122 20:31:35.697" endtime="20220122 20:31:47.973"/>
</kw>
<status status="PASS" starttime="20220122 20:31:35.696" endtime="20220122 20:31:47.974"/>
</kw>
<kw name="Go To" library="SeleniumLibrary">
<arg>${url}/checkboxes</arg>
<doc>Navigates the current browser window to the provided ``url``.</doc>
<msg timestamp="20220122 20:31:47.976" level="INFO">Opening url 'https://training-wheels-protocol.herokuapp.com/checkboxes'</msg>
<status status="PASS" starttime="20220122 20:31:47.975" endtime="20220122 20:31:48.262"/>
</kw>
<kw name="Select Checkbox" library="SeleniumLibrary">
<arg>${check_iron}</arg>
<doc>Selects the checkbox identified by ``locator``.</doc>
<msg timestamp="20220122 20:31:48.264" level="INFO">Selecting checkbox 'css:input[value='iron-man']'.</msg>
<status status="PASS" starttime="20220122 20:31:48.263" endtime="20220122 20:31:48.357"/>
</kw>
<kw name="Checkbox Should Be Selected" library="SeleniumLibrary">
<arg>${check_iron}</arg>
<doc>Verifies checkbox ``locator`` is selected/checked.</doc>
<msg timestamp="20220122 20:31:48.358" level="INFO">Verifying checkbox 'css:input[value='iron-man']' is selected.</msg>
<status status="PASS" starttime="20220122 20:31:48.357" endtime="20220122 20:31:48.389"/>
</kw>
<kw name="Encerra Sessão" library="base" type="TEARDOWN">
<kw name="Close Browser" library="SeleniumLibrary">
<doc>Closes the current browser.</doc>
<status status="PASS" starttime="20220122 20:31:48.390" endtime="20220122 20:31:50.539"/>
</kw>
<status status="PASS" starttime="20220122 20:31:48.390" endtime="20220122 20:31:50.540"/>
</kw>
<status status="PASS" starttime="20220122 20:31:35.695" endtime="20220122 20:31:50.541"/>
</test>
<test id="s1-t3" name="Marcando opção com xPath">
<kw name="Nova Sessão" library="base" type="SETUP">
<kw name="Open Browser" library="SeleniumLibrary">
<arg>${url}</arg>
<arg>chrome</arg>
<doc>Opens a new browser instance to the optional ``url``.</doc>
<msg timestamp="20220122 20:31:50.548" level="INFO">Opening browser 'chrome' to base url 'https://training-wheels-protocol.herokuapp.com'.</msg>
<status status="PASS" starttime="20220122 20:31:50.547" endtime="20220122 20:31:54.738"/>
</kw>
<status status="PASS" starttime="20220122 20:31:50.546" endtime="20220122 20:31:54.738"/>
</kw>
<kw name="Go To" library="SeleniumLibrary">
<arg>${url}/checkboxes</arg>
<doc>Navigates the current browser window to the provided ``url``.</doc>
<msg timestamp="20220122 20:31:54.739" level="INFO">Opening url 'https://training-wheels-protocol.herokuapp.com/checkboxes'</msg>
<status status="PASS" starttime="20220122 20:31:54.738" endtime="20220122 20:31:55.142"/>
</kw>
<kw name="Select Checkbox" library="SeleniumLibrary">
<arg>${check_panther}</arg>
<doc>Selects the checkbox identified by ``locator``.</doc>
<msg timestamp="20220122 20:31:55.143" level="INFO">Selecting checkbox 'xPath://*[@id='checkboxes']/input[7]'.</msg>
<status status="PASS" starttime="20220122 20:31:55.143" endtime="20220122 20:31:55.237"/>
</kw>
<kw name="Checkbox Should Be Selected" library="SeleniumLibrary">
<arg>${check_panther}</arg>
<doc>Verifies checkbox ``locator`` is selected/checked.</doc>
<msg timestamp="20220122 20:31:55.238" level="INFO">Verifying checkbox 'xPath://*[@id='checkboxes']/input[7]' is selected.</msg>
<status status="PASS" starttime="20220122 20:31:55.237" endtime="20220122 20:31:55.273"/>
</kw>
<kw name="Encerra Sessão" library="base" type="TEARDOWN">
<kw name="Close Browser" library="SeleniumLibrary">
<doc>Closes the current browser.</doc>
<status status="PASS" starttime="20220122 20:31:55.274" endtime="20220122 20:31:57.404"/>
</kw>
<status status="PASS" starttime="20220122 20:31:55.273" endtime="20220122 20:31:57.405"/>
</kw>
<tag>blackpanter</tag>
<status status="PASS" starttime="20220122 20:31:50.545" endtime="20220122 20:31:57.406"/>
</test>
<status status="PASS" starttime="20220122 20:31:28.298" endtime="20220122 20:31:57.410"/>
</suite>
<statistics>
<total>
<stat pass="3" fail="0" skip="0">All Tests</stat>
</total>
<tag>
<stat pass="1" fail="0" skip="0">blackpanter</stat>
</tag>
<suite>
<stat pass="3" fail="0" skip="0" id="s1" name="Checkbox">Checkbox</stat>
</suite>
</statistics>
<errors>
</errors>
</robot>
